<?xml version="1.0" encoding="UTF-8"?>
<testng-results ignored="0" total="1" passed="1" failed="0" skipped="0">
  <reporter-output>
  </reporter-output>
  <suite started-at="2023-03-28T16:37:41 IST" name="Suite" finished-at="2023-03-28T16:38:15 IST" duration-ms="33753">
    <groups>
    </groups>
    <test started-at="2023-03-28T16:37:41 IST" name="Chrometest" finished-at="2023-03-28T16:38:15 IST" duration-ms="33753">
      <class name="testscripts.Search_and_Count">
        <test-method is-config="true" signature="setUP(java.lang.String)[pri:0, instance:testscripts.Search_and_Count@57bc27f5]" started-at="2023-03-28T16:37:41 IST" name="setUP" finished-at="2023-03-28T16:37:43 IST" duration-ms="2178" status="PASS">
          <params>
            <param index="0">
              <value>
                <![CDATA[chrome]]>
              </value>
            </param>
          </params>
          <reporter-output>
          </reporter-output>
        </test-method> <!-- setUP -->
        <test-method signature="testExecution()[pri:0, instance:testscripts.Search_and_Count@57bc27f5]" started-at="2023-03-28T16:37:43 IST" name="testExecution" finished-at="2023-03-28T16:38:14 IST" duration-ms="30764" status="PASS">
          <reporter-output>
          </reporter-output>
        </test-method> <!-- testExecution -->
        <test-method is-config="true" signature="tearDown()[pri:0, instance:testscripts.Search_and_Count@57bc27f5]" started-at="2023-03-28T16:38:14 IST" name="tearDown" finished-at="2023-03-28T16:38:15 IST" duration-ms="768" status="PASS">
          <reporter-output>
          </reporter-output>
        </test-method> <!-- tearDown -->
      </class> <!-- testscripts.Search_and_Count -->
    </test> <!-- Chrometest -->
  </suite> <!-- Suite -->
</testng-results>
